\BOOKMARK [0][-]{chapter.1}{\376\377\000T\000u\000t\000o\000r\000i\000a\000l\000s\000:\000T\000u\000e\000s\000d\000a\000y\000,\000\040\000N\000o\000v\000e\000m\000b\000e\000r\000\040\0001}{}% 1
\BOOKMARK [1][-]{section*.1}{\376\377\000T\0001\000:\000\040\000T\000u\000t\000o\000r\000i\000a\000l\000-\0000\0000\0001}{chapter.1}% 2
\BOOKMARK [1][-]{section*.2}{\376\377\000T\0002\000:\000\040\000T\000u\000t\000o\000r\000i\000a\000l\000-\0000\0000\0002}{chapter.1}% 3
\BOOKMARK [1][-]{section*.3}{\376\377\000T\0003\000:\000\040\000T\000u\000t\000o\000r\000i\000a\000l\000-\0000\0000\0003}{chapter.1}% 4
\BOOKMARK [1][-]{section*.4}{\376\377\000T\0004\000:\000\040\000T\000u\000t\000o\000r\000i\000a\000l\000-\0000\0000\0004}{chapter.1}% 5
\BOOKMARK [1][-]{section*.5}{\376\377\000T\0005\000:\000\040\000T\000u\000t\000o\000r\000i\000a\000l\000-\0000\0000\0005}{chapter.1}% 6
\BOOKMARK [1][-]{section*.6}{\376\377\000T\0006\000:\000\040\000T\000u\000t\000o\000r\000i\000a\000l\000-\0000\0000\0006}{chapter.1}% 7
\BOOKMARK [0][-]{chapter.2}{\376\377\000W\000o\000r\000k\000s\000h\000o\000p\000s}{}% 8
\BOOKMARK [1][-]{section.2.1}{\376\377\000W\0001\000:\000\040\000N\000L\000P\000S\000M}{chapter.2}% 9
\BOOKMARK [1][-]{section.2.2}{\376\377\000W\0002\000:\000\040\000S\000P\000N\000L\000P}{chapter.2}% 10
\BOOKMARK [1][-]{section.2.3}{\376\377\000W\0003\000:\000\040\000C\000S\000S}{chapter.2}% 11
\BOOKMARK [1][-]{section.2.4}{\376\377\000W\0004\000:\000\040\000L\000O\000U\000H\000I}{chapter.2}% 12
\BOOKMARK [1][-]{section.2.5}{\376\377\000W\0005\000:\000\040\000C\000N\000S}{chapter.2}% 13
\BOOKMARK [1][-]{section.2.6}{\376\377\000W\0006\000:\000\040\000U\000B\000L\000P}{chapter.2}% 14
\BOOKMARK [0][-]{chapter.3}{\376\377\000M\000a\000i\000n\000\040\000C\000o\000n\000f\000e\000r\000e\000n\000c\000e\000:\000\040\000W\000e\000d\000n\000e\000s\000d\000a\000y\000,\000\040\000N\000o\000v\000e\000m\000b\000e\000r\000\040\0002}{}% 15
\BOOKMARK [1][-]{section.3.1}{\376\377\000I\000n\000v\000i\000t\000e\000d\000\040\000S\000p\000e\000a\000k\000e\000r\000:\000\040\000C\000h\000r\000i\000s\000t\000o\000p\000h\000e\000r\000\040\000P\000o\000t\000t\000s}{chapter.3}% 16
\BOOKMARK [1][-]{section.3.2}{\376\377\000S\000e\000s\000s\000i\000o\000n\000\040\0001}{chapter.3}% 17
\BOOKMARK [1][-]{section.3.3}{\376\377\000S\000e\000s\000s\000i\000o\000n\000\040\0002}{chapter.3}% 18
\BOOKMARK [1][-]{section.3.4}{\376\377\000S\000e\000s\000s\000i\000o\000n\000\040\0003}{chapter.3}% 19
\BOOKMARK [0][-]{chapter.4}{\376\377\000M\000a\000i\000n\000\040\000C\000o\000n\000f\000e\000r\000e\000n\000c\000e\000:\000\040\000T\000h\000u\000r\000s\000d\000a\000y\000,\000\040\000N\000o\000v\000e\000m\000b\000e\000r\000\040\0003}{}% 20
\BOOKMARK [1][-]{section.4.1}{\376\377\000I\000n\000v\000i\000t\000e\000d\000\040\000S\000p\000e\000a\000k\000e\000r\000:\000\040\000S\000t\000e\000f\000a\000n\000i\000e\000\040\000T\000e\000l\000l\000e\000x}{chapter.4}% 21
\BOOKMARK [1][-]{section.4.2}{\376\377\000S\000e\000s\000s\000i\000o\000n\000\040\0004}{chapter.4}% 22
\BOOKMARK [1][-]{section.4.3}{\376\377\000S\000e\000s\000s\000i\000o\000n\000\040\0005}{chapter.4}% 23
\BOOKMARK [1][-]{section.4.4}{\376\377\000S\000e\000s\000s\000i\000o\000n\000\040\0006}{chapter.4}% 24
\BOOKMARK [0][-]{chapter.5}{\376\377\000M\000a\000i\000n\000\040\000C\000o\000n\000f\000e\000r\000e\000n\000c\000e\000:\000\040\000F\000r\000i\000d\000a\000y\000,\000\040\000N\000o\000v\000e\000m\000b\000e\000r\000\040\0004}{}% 25
\BOOKMARK [1][-]{section.5.1}{\376\377\000I\000n\000v\000i\000t\000e\000d\000\040\000S\000p\000e\000a\000k\000e\000r\000:\000\040\000A\000n\000d\000r\000e\000a\000s\000\040\000S\000t\000o\000l\000c\000k\000e}{chapter.5}% 26
\BOOKMARK [1][-]{section.5.2}{\376\377\000S\000e\000s\000s\000i\000o\000n\000\040\0007}{chapter.5}% 27
\BOOKMARK [1][-]{section.5.3}{\376\377\000S\000e\000s\000s\000i\000o\000n\000\040\0008}{chapter.5}% 28
\BOOKMARK [0][-]{section*.7}{\376\377\000A\000u\000t\000h\000o\000r\000\040\000i\000n\000d\000e\000x}{}% 29
